<?xml version="1.0" encoding="UTF-8"?>
<testng-results ignored="0" total="1" passed="1" failed="0" skipped="0">
  <reporter-output>
  </reporter-output>
  <suite started-at="2022-07-05T22:35:45 IST" name="Smoke_Tests" finished-at="2022-07-05T22:35:47 IST" duration-ms="1895">
    <groups>
    </groups>
    <test started-at="2022-07-05T22:35:45 IST" name="SmokeTest" finished-at="2022-07-05T22:35:47 IST" duration-ms="1895">
      <class name="com.workaccounts.web.PracticeTest">
        <test-method signature="Test1()[pri:0, instance:com.workaccounts.web.PracticeTest@191ae03f]" started-at="2022-07-05T22:35:45 IST" name="Test1" finished-at="2022-07-05T22:35:47 IST" duration-ms="1858" status="PASS">
          <reporter-output>
          </reporter-output>
        </test-method> <!-- Test1 -->
      </class> <!-- com.workaccounts.web.PracticeTest -->
    </test> <!-- SmokeTest -->
  </suite> <!-- Smoke_Tests -->
</testng-results>
