<?xml version="1.0" encoding="UTF-8"?>
<testng-results ignored="0" total="2" passed="1" failed="1" skipped="0">
  <reporter-output>
  </reporter-output>
  <suite started-at="2022-07-21T19:38:50 IST" name="Smoke_Tests" finished-at="2022-07-21T19:39:00 IST" duration-ms="9579">
    <groups>
    </groups>
    <test started-at="2022-07-21T19:38:50 IST" name="SmokeTest" finished-at="2022-07-21T19:39:00 IST" duration-ms="9579">
      <class name="com.workaccounts.web.AccountDetailsTest">
        <test-method signature="updateProfile(java.lang.String,java.lang.String,java.lang.String,java.lang.String,java.lang.String,java.lang.String,java.lang.String,java.lang.String,java.lang.String,int,java.lang.String,int)[pri:0, instance:com.workaccounts.web.AccountDetailsTest@34645867]" started-at="2022-07-21T19:39:00 IST" name="updateProfile" finished-at="2022-07-21T19:39:00 IST" duration-ms="0" status="FAIL">
          <exception class="org.testng.TestNGException">
            <message>
              <![CDATA[
Method updateProfile requires 12 parameters but 8 were supplied in the @Test annotation.]]>
            </message>
            <full-stacktrace>
              <![CDATA[org.testng.TestNGException: 
Method updateProfile requires 12 parameters but 8 were supplied in the @Test annotation.
at org.testng.internal.Parameters.checkParameterTypes(Parameters.java:444)
at org.testng.internal.Parameters.createParametersForMethod(Parameters.java:350)
at org.testng.internal.Parameters.createParameters(Parameters.java:684)
at org.testng.internal.Parameters.handleParameters(Parameters.java:888)
at org.testng.internal.Parameters.handleParameters(Parameters.java:728)
at org.testng.internal.invokers.ParameterHandler.handleParameters(ParameterHandler.java:72)
at org.testng.internal.invokers.ParameterHandler.createParameters(ParameterHandler.java:51)
at org.testng.internal.invokers.TestInvoker$MethodInvocationAgent.invoke(TestInvoker.java:917)
at org.testng.internal.invokers.TestInvoker.invokeTestMethods(TestInvoker.java:194)
at org.testng.internal.invokers.TestMethodWorker.invokeTestMethods(TestMethodWorker.java:148)
at org.testng.internal.invokers.TestMethodWorker.run(TestMethodWorker.java:128)
at java.base/java.util.ArrayList.forEach(ArrayList.java:1511)
at org.testng.TestRunner.privateRun(TestRunner.java:806)
at org.testng.TestRunner.run(TestRunner.java:601)
at org.testng.SuiteRunner.runTest(SuiteRunner.java:433)
at org.testng.SuiteRunner.runSequentially(SuiteRunner.java:427)
at org.testng.SuiteRunner.privateRun(SuiteRunner.java:387)
at org.testng.SuiteRunner.run(SuiteRunner.java:330)
at org.testng.SuiteRunnerWorker.runSuite(SuiteRunnerWorker.java:52)
at org.testng.SuiteRunnerWorker.run(SuiteRunnerWorker.java:95)
at org.testng.TestNG.runSuitesSequentially(TestNG.java:1256)
at org.testng.TestNG.runSuitesLocally(TestNG.java:1176)
at org.testng.TestNG.runSuites(TestNG.java:1099)
at org.testng.TestNG.run(TestNG.java:1067)
at org.testng.remote.AbstractRemoteTestNG.run(AbstractRemoteTestNG.java:115)
at org.testng.remote.RemoteTestNG.initAndRun(RemoteTestNG.java:251)
at org.testng.remote.RemoteTestNG.main(RemoteTestNG.java:77)
]]>
            </full-stacktrace>
          </exception> <!-- org.testng.TestNGException -->
          <reporter-output>
          </reporter-output>
        </test-method> <!-- updateProfile -->
      </class> <!-- com.workaccounts.web.AccountDetailsTest -->
      <class name="com.workaccounts.web.LoginTest">
        <test-method signature="loginWithNonAdminUser()[pri:0, instance:com.workaccounts.web.LoginTest@1849db1a]" started-at="2022-07-21T19:38:50 IST" name="loginWithNonAdminUser" finished-at="2022-07-21T19:39:00 IST" duration-ms="9530" status="PASS">
          <reporter-output>
          </reporter-output>
        </test-method> <!-- loginWithNonAdminUser -->
      </class> <!-- com.workaccounts.web.LoginTest -->
    </test> <!-- SmokeTest -->
  </suite> <!-- Smoke_Tests -->
</testng-results>
